[live.themewild.com/constro/index-3.html]
[backblue.gif]
[fade.gif]
[index.html]
[live.themewild.com/constro/assets/img/logo/favicon.png]
[live.themewild.com/constro/assets/css/bootstrap.min.css]
[live.themewild.com/constro/assets/css/all-fontawesome.min.css]
[live.themewild.com/constro/assets/css/animate.min.css]
[live.themewild.com/constro/assets/css/magnific-popup.min.css]
[live.themewild.com/constro/assets/css/owl.carousel.min.css]
[live.themewild.com/constro/assets/css/nice-select.min.css]
[live.themewild.com/constro/assets/css/style.css]
[live.themewild.com/constro/login.html]
[live.themewild.com/constro/index.html]
[live.themewild.com/constro/assets/img/logo/logo.png]
[live.themewild.com/constro/index-2.html]
[live.themewild.com/constro/about.html]
[live.themewild.com/constro/service.html]
[live.themewild.com/constro/service-single.html]
[live.themewild.com/constro/service-2.html]
[live.themewild.com/constro/team.html]
[live.themewild.com/constro/pricing.html]
[live.themewild.com/constro/register.html]
[live.themewild.com/constro/forgot-password.html]
[live.themewild.com/constro/coming-soon.html]
[live.themewild.com/constro/terms.html]
[live.themewild.com/constro/privacy.html]
[live.themewild.com/constro/gallery.html]
[live.themewild.com/constro/contact.html]
[live.themewild.com/constro/faq.html]
[live.themewild.com/constro/testimonial.html]
[live.themewild.com/constro/404.html]
[live.themewild.com/constro/portfolio.html]
[live.themewild.com/constro/portfolio-2.html]
[live.themewild.com/constro/portfolio-single.html]
[live.themewild.com/constro/blog.html]
[live.themewild.com/constro/blog-single.html]
[live.themewild.com/constro/assets/img/hero/slider-1.jpg]
[live.themewild.com/constro/assets/img/hero/01.jpg]
[live.themewild.com/constro/assets/img/icon/construction.svg]
[live.themewild.com/constro/assets/img/icon/happy.svg]
[live.themewild.com/constro/assets/img/icon/team-2.svg]
[live.themewild.com/constro/assets/img/icon/award.svg]
[live.themewild.com/constro/assets/img/about/01.jpg]
[live.themewild.com/constro/assets/img/about/02.jpg]
[live.themewild.com/constro/assets/img/icon/material.svg]
[live.themewild.com/constro/assets/img/service/01.jpg]
[live.themewild.com/constro/assets/img/service/02.jpg]
[live.themewild.com/constro/assets/img/icon/maintenance.svg]
[live.themewild.com/constro/assets/img/service/03.jpg]
[live.themewild.com/constro/assets/img/icon/design-2.svg]
[live.themewild.com/constro/assets/img/service/04.jpg]
[live.themewild.com/constro/assets/img/icon/plan.svg]
[live.themewild.com/constro/assets/img/service/05.jpg]
[live.themewild.com/constro/assets/img/icon/contract.svg]
[live.themewild.com/constro/assets/img/service/06.jpg]
[live.themewild.com/constro/assets/img/icon/building.svg]
[live.themewild.com/constro/assets/img/service/07.jpg]
[live.themewild.com/constro/assets/img/icon/sustainability.svg]
[live.themewild.com/constro/assets/img/service/08.jpg]
[live.themewild.com/constro/assets/img/icon/architecture.svg]
[live.themewild.com/constro/assets/img/icon/service.svg]
[live.themewild.com/constro/assets/img/icon/consultation.svg]
[live.themewild.com/constro/assets/img/icon/money.svg]
[live.themewild.com/constro/assets/img/icon/construction-2.svg]
[live.themewild.com/constro/assets/img/icon/team.svg]
[live.themewild.com/constro/assets/img/icon/certified.svg]
[live.themewild.com/constro/assets/img/choose/01.jpg]
[live.themewild.com/constro/assets/img/portfolio/01.jpg]
[live.themewild.com/constro/assets/img/portfolio/02.jpg]
[live.themewild.com/constro/assets/img/portfolio/03.jpg]
[live.themewild.com/constro/assets/img/portfolio/04.jpg]
[live.themewild.com/constro/assets/img/portfolio/05.jpg]
[live.themewild.com/constro/assets/img/team/01.jpg]
[live.themewild.com/constro/assets/img/team/02.jpg]
[live.themewild.com/constro/assets/img/team/03.jpg]
[live.themewild.com/constro/assets/img/team/04.jpg]
[live.themewild.com/constro/assets/img/testimonial/01.jpg]
[live.themewild.com/constro/assets/img/icon/quote.svg]
[live.themewild.com/constro/assets/img/testimonial/02.jpg]
[live.themewild.com/constro/assets/img/testimonial/03.jpg]
[live.themewild.com/constro/assets/img/testimonial/04.jpg]
[live.themewild.com/constro/assets/img/blog/01.jpg]
[live.themewild.com/constro/assets/img/blog/02.jpg]
[live.themewild.com/constro/assets/img/blog/03.jpg]
[live.themewild.com/constro/assets/img/partner/01.png]
[live.themewild.com/constro/assets/img/partner/02.png]
[live.themewild.com/constro/assets/img/partner/03.png]
[live.themewild.com/constro/assets/img/logo/logo-light.png]
[live.themewild.com/cdn-cgi/scripts/5c5dd728/cloudflare-static/email-decode.min.js]
[live.themewild.com/constro/assets/js/jquery-3.7.1.min.js]
[live.themewild.com/constro/assets/js/modernizr.min.js]
[live.themewild.com/constro/assets/js/bootstrap.bundle.min.js]
[live.themewild.com/constro/assets/js/imagesloaded.pkgd.min.js]
[live.themewild.com/constro/assets/js/jquery.magnific-popup.min.js]
[live.themewild.com/constro/assets/js/isotope.pkgd.min.js]
[live.themewild.com/constro/assets/js/jquery.appear.min.js]
[live.themewild.com/constro/assets/js/jquery.easing.min.js]
[live.themewild.com/constro/assets/js/owl.carousel.min.js]
[live.themewild.com/constro/assets/js/counter-up.js]
[live.themewild.com/constro/assets/js/jquery.nice-select.min.js]
[live.themewild.com/constro/assets/js/wow.min.js]
[live.themewild.com/constro/index-3.html]
[live.themewild.com/constro/assets/css/bootstrap.min.css]
[live.themewild.com/constro/assets/js/main.js]
[live.themewild.com/constro/assets/fonts/fa-brands-400.woff2]
[live.themewild.com/constro/assets/fonts/fa-brands-400.ttf]
[live.themewild.com/constro/assets/fonts/fa-duotone-900.woff2]
[live.themewild.com/constro/assets/fonts/fa-light-300.woff2]
[live.themewild.com/constro/assets/fonts/fa-regular-400.woff2]
[live.themewild.com/constro/assets/fonts/fa-duotone-900.ttf]
[live.themewild.com/constro/assets/fonts/fa-solid-900.woff2]
[live.themewild.com/constro/assets/fonts/fa-regular-400.ttf]
[live.themewild.com/constro/assets/fonts/fa-light-300.ttf]
[live.themewild.com/constro/assets/fonts/fa-thin-100.woff2]
[live.themewild.com/constro/assets/fonts/fa-solid-900.ttf]
[live.themewild.com/constro/assets/fonts/fa-v4compatibility.woff2]
[live.themewild.com/constro/assets/fonts/fa-v4compatibility.ttf]
[live.themewild.com/constro/assets/fonts/fa-sharp-light-300.woff2]
[live.themewild.com/constro/assets/fonts/fa-thin-100.ttf]
[live.themewild.com/constro/assets/fonts/fa-sharp-regular-400.woff2]
[live.themewild.com/constro/assets/fonts/fa-sharp-regular-400.ttf]
[live.themewild.com/constro/assets/fonts/fa-sharp-solid-900.woff2]
[live.themewild.com/constro/assets/css/all-fontawesome.min.css]
[live.themewild.com/constro/assets/css/animate.min.css]
[live.themewild.com/constro/assets/css/magnific-popup.min.css]
[live.themewild.com/constro/assets/fonts/fa-sharp-solid-900.ttf]
[live.themewild.com/constro/assets/fonts/fa-sharp-light-300.ttf]
[live.themewild.com/constro/assets/css/owl.video.play.png]
[live.themewild.com/constro/assets/css/owl.carousel.min.css]
[live.themewild.com/constro/assets/css/nice-select.min.css]
[live.themewild.com/constro/assets/img/shape/01.png]
[live.themewild.com/constro/assets/img/shape/02.png]
[live.themewild.com/constro/assets/img/shape/06.png]
[live.themewild.com/constro/assets/css/style.css]
[live.themewild.com/constro/assets/img/breadcrumb/01.jpg]
[live.themewild.com/constro/login.html]
[live.themewild.com/constro/assets/img/hero/slider-2.jpg]
[live.themewild.com/constro/assets/img/hero/slider-3.jpg]
[live.themewild.com/constro/assets/img/icon/design.svg]
[live.themewild.com/constro/assets/img/skill/01.jpg]
[live.themewild.com/constro/assets/img/video/01.jpg]
[live.themewild.com/constro/assets/img/quote/01.jpg]
[live.themewild.com/constro/index.html]
[live.themewild.com/constro/assets/img/shape/05.png]
[live.themewild.com/constro/assets/img/gallery/01.jpg]
[live.themewild.com/constro/assets/img/gallery/02.jpg]
[live.themewild.com/constro/assets/img/gallery/03.jpg]
[live.themewild.com/constro/assets/img/gallery/04.jpg]
[live.themewild.com/constro/assets/img/gallery/05.jpg]
[live.themewild.com/constro/assets/img/gallery/06.jpg]
[live.themewild.com/constro/assets/img/gallery/07.jpg]
[live.themewild.com/constro/assets/img/gallery/08.jpg]
[live.themewild.com/constro/assets/img/shape/04.png]
[live.themewild.com/constro/index-2.html]
[live.themewild.com/constro/about.html]
[live.themewild.com/constro/service.html]
[live.themewild.com/constro/service-2.html]
[live.themewild.com/constro/assets/img/service/single.jpg]
[live.themewild.com/constro/service-single.html]
[live.themewild.com/constro/team.html]
[live.themewild.com/constro/pricing.html]
[live.themewild.com/constro/register.html]
[live.themewild.com/constro/forgot-password.html]
[live.themewild.com/constro/assets/img/coming-soon/01.jpg]
[live.themewild.com/constro/coming-soon.html]
[live.themewild.com/constro/terms.html]
[live.themewild.com/constro/privacy.html]
[live.themewild.com/constro/gallery.html]
[live.themewild.com/constro/assets/js/countdown.min.js]
[live.themewild.com/constro/assets/img/contact/01.jpg]
[live.themewild.com/constro/contact.html]
[live.themewild.com/constro/faq.html]
[live.themewild.com/constro/testimonial.html]
[live.themewild.com/constro/assets/js/contact-form.js]
[live.themewild.com/constro/assets/img/error/404.png]
[live.themewild.com/constro/404.html]
[live.themewild.com/constro/portfolio.html]
[live.themewild.com/constro/assets/img/portfolio/06.jpg]
[live.themewild.com/constro/portfolio-2.html]
[live.themewild.com/constro/assets/img/portfolio/single.jpg]
[live.themewild.com/constro/portfolio-single.html]
[live.themewild.com/constro/blog.html]
[live.themewild.com/constro/assets/img/blog/single.jpg]
[live.themewild.com/constro/assets/img/blog/author.jpg]
[live.themewild.com/constro/assets/img/blog/com-1.jpg]
[live.themewild.com/constro/assets/img/blog/com-2.jpg]
[live.themewild.com/constro/assets/img/blog/com-3.jpg]
[live.themewild.com/constro/assets/img/blog/bs-1.jpg]
[live.themewild.com/constro/assets/img/blog/bs-2.jpg]
[live.themewild.com/constro/assets/img/blog/bs-3.jpg]
[live.themewild.com/constro/blog-single.html]
[live.themewild.com/constro/assets/img/icon/construction.svg]
[live.themewild.com/constro/assets/img/icon/happy.svg]
[live.themewild.com/constro/assets/img/icon/team-2.svg]
[live.themewild.com/constro/assets/img/icon/award.svg]
[live.themewild.com/constro/assets/img/icon/material.svg]
[live.themewild.com/constro/assets/img/icon/maintenance.svg]
[live.themewild.com/constro/assets/img/icon/design-2.svg]
[live.themewild.com/constro/assets/img/icon/plan.svg]
[live.themewild.com/constro/assets/img/icon/contract.svg]
[live.themewild.com/constro/assets/img/icon/building.svg]
[live.themewild.com/constro/assets/img/icon/sustainability.svg]
[live.themewild.com/constro/assets/img/icon/architecture.svg]
[live.themewild.com/constro/assets/img/icon/service.svg]
[live.themewild.com/constro/assets/img/icon/consultation.svg]
[live.themewild.com/constro/assets/img/icon/money.svg]
[live.themewild.com/constro/assets/img/icon/construction-2.svg]
[live.themewild.com/constro/assets/img/icon/team.svg]
[live.themewild.com/constro/assets/img/icon/certified.svg]
[live.themewild.com/constro/assets/img/icon/quote.svg]
[live.themewild.com/constro/assets/css/owl.video.play.html]
[live.themewild.com/constro/assets/img/icon/design.svg]
